-------------------------------------------
Batch: 0
-------------------------------------------
+-------------+------+--------------------+
|accountNumber|amount|         dateAndTime|
+-------------+------+--------------------+
|    911811823|706.63|Oct 6, 2020 1:24:...|
|    472233268|526.69|Oct 6, 2020 1:24:...|
|    508265354|171.29|Oct 6, 2020 1:24:...|
|    875344779|449.25|Oct 6, 2020 1:24:...|
|    906703802|505.44|Oct 6, 2020 1:24:...|
|    155576996| 275.5|Oct 6, 2020 1:24:...|
|    226155962|668.36|Oct 6, 2020 1:24:...|
|    949585961|772.66|Oct 6, 2020 1:24:...|
|    640795653| 637.9|Oct 6, 2020 1:24:...|
|    470457781|832.47|Oct 6, 2020 1:24:...|
|    353044431|711.11|Oct 6, 2020 1:24:...|
|    502154118|361.51|Oct 6, 2020 1:24:...|
|    781049940|358.67|Oct 6, 2020 1:24:...|
|     85903913| 422.7|Oct 6, 2020 1:24:...|
|    103397629| 729.9|Oct 6, 2020 1:24:...|
|    511440623|563.84|Oct 6, 2020 1:24:...|
|    764001205|675.54|Oct 6, 2020 1:24:...|
|    102686209|639.75|Oct 6, 2020 1:24:...|
|    232822521|212.65|Oct 6, 2020 1:24:...|
|    332845357| 942.0|Oct 6, 2020 1:24:...|
+-------------+------+--------------------+
only showing top 20 rows

-------------------------------------------
Batch: 1
-------------------------------------------
+-------------+------+--------------------+
|accountNumber|amount|         dateAndTime|
+-------------+------+--------------------+
|    502154118|951.76|Oct 6, 2020 1:26:...|
|    781049940|682.76|Oct 6, 2020 1:27:...|
+-------------+------+--------------------+

-------------------------------------------
Batch: 2
-------------------------------------------
+-------------+------+--------------------+
|accountNumber|amount|         dateAndTime|
+-------------+------+--------------------+
|     85903913| 494.4|Oct 6, 2020 1:27:...|
+-------------+------+--------------------+

-------------------------------------------
Batch: 3
-------------------------------------------
+-------------+------+--------------------+
|accountNumber|amount|         dateAndTime|
+-------------+------+--------------------+
|    103397629| 800.8|Oct 6, 2020 1:27:...|
+-------------+------+--------------------+

