-------------------------------------------
Batch: 0
-------------------------------------------
+-------------+------+--------------------+------------+--------------+
|accountNumber|amount|         dateAndTime|customerName|customerNumber|
+-------------+------+--------------------+------------+--------------+
|    335115395|142.17|Oct 6, 2020 1:59:...| Jacob Doshi|     335115395|
|    335115395| 41.52|Oct 6, 2020 2:00:...| Jacob Doshi|     335115395|
|    335115395| 261.8|Oct 6, 2020 2:01:...| Jacob Doshi|     335115395|
|    335115395|948.55|Oct 6, 2020 2:02:...| Jacob Doshi|     335115395|
|    335115395|  4.77|Oct 6, 2020 2:03:...| Jacob Doshi|     335115395|
|    335115395|532.51|Oct 6, 2020 2:04:...| Jacob Doshi|     335115395|
|    335115395|269.24|Oct 6, 2020 2:04:...| Jacob Doshi|     335115395|
|    335115395|403.58|Oct 6, 2020 2:05:...| Jacob Doshi|     335115395|
|    335115395|594.54|Oct 6, 2020 2:06:...| Jacob Doshi|     335115395|
|    335115395|114.47|Oct 6, 2020 2:07:...| Jacob Doshi|     335115395|
|    335115395| 157.8|Oct 6, 2020 2:08:...| Jacob Doshi|     335115395|
|    335115395|613.29|Oct 6, 2020 2:09:...| Jacob Doshi|     335115395|
|    335115395|336.61|Oct 6, 2020 2:09:...| Jacob Doshi|     335115395|
|    335115395| 309.8|Oct 6, 2020 2:10:...| Jacob Doshi|     335115395|
|    335115395|926.41|Oct 6, 2020 2:11:...| Jacob Doshi|     335115395|
|    335115395|574.67|Oct 6, 2020 2:12:...| Jacob Doshi|     335115395|
|    335115395|754.66|Oct 6, 2020 2:13:...| Jacob Doshi|     335115395|
|    335115395|761.21|Oct 6, 2020 2:14:...| Jacob Doshi|     335115395|
|    335115395|774.53|Oct 6, 2020 2:14:...| Jacob Doshi|     335115395|
|    335115395|746.85|Oct 6, 2020 2:15:...| Jacob Doshi|     335115395|
+-------------+------+--------------------+------------+--------------+
only showing top 20 rows

