-------------------------------------------
Batch: 0
-------------------------------------------
+----------------------------+-----+
|customer                    |score|
+----------------------------+-----+
|Sean.Clayton@test.com       |-21.0|
|Eric.Spencer@test.com       |-3.5 |
|Eric.Khatib@test.com        |-28.0|
|Frank.Anandh@test.com       |-2.5 |
|Jason.Anandh@test.com       |-2.5 |
|Christina.Aristotle@test.com|-2.5 |
|Frank.Doshi@test.com        |-4.0 |
|John.Mitra@test.com         |-3.0 |
|Jerry.Gonzalez@test.com     |-4.5 |
|Trevor.Harris@test.com      |-2.5 |
|Suresh.Huey@test.com        |-3.5 |
|Ashley.Howard@test.com      |-4.0 |
|Dan.Fibonnaci@test.com      |-4.0 |
|Neeraj.Aristotle@test.com   |-2.0 |
|Jerry.Jefferson@test.com    |-3.0 |
|Jacob.Gonzalez@test.com     |-21.5|
|Jacob.Jones@test.com        |16.0 |
|Jason.Wu@test.com           |-12.0|
|Bobby.Anandh@test.com       |-18.0|
|Spencer.Clark@test.com      |-13.5|
+----------------------------+-----+
only showing top 20 rows

-------------------------------------------
Batch: 1
-------------------------------------------
+-----------------------+-----+
|customer               |score|
+-----------------------+-----+
|John.Mitra@test.com    |-6.0 |
|Jerry.Gonzalez@test.com|-2.5 |
+-----------------------+-----+

-------------------------------------------
Batch: 2
-------------------------------------------
+----------------------+-----+
|customer              |score|
+----------------------+-----+
|Trevor.Harris@test.com|-5.5 |
+----------------------+-----+

-------------------------------------------
Batch: 3
-------------------------------------------
+--------------------+-----+
|customer            |score|
+--------------------+-----+
|Suresh.Huey@test.com|-6.0 |
+--------------------+-----+

-------------------------------------------
Batch: 4
-------------------------------------------
+----------------------+-----+
|customer              |score|
+----------------------+-----+
|Ashley.Howard@test.com|-0.5 |
+----------------------+-----+

-------------------------------------------
Batch: 5
-------------------------------------------
+----------------------+-----+
|customer              |score|
+----------------------+-----+
|Dan.Fibonnaci@test.com|-1.0 |
+----------------------+-----+

-------------------------------------------
Batch: 6
-------------------------------------------
+-------------------------+-----+
|customer                 |score|
+-------------------------+-----+
|Neeraj.Aristotle@test.com|-4.0 |
+-------------------------+-----+

-------------------------------------------
Batch: 7
-------------------------------------------
+------------------------+-----+
|customer                |score|
+------------------------+-----+
|Jerry.Jefferson@test.com|-3.5 |
+------------------------+-----+

-------------------------------------------
Batch: 8
-------------------------------------------
+-----------------------+-----+
|customer               |score|
+-----------------------+-----+
|Jacob.Gonzalez@test.com|-25.5|
+-----------------------+-----+

-------------------------------------------
Batch: 9
-------------------------------------------
+--------------------+-----+
|customer            |score|
+--------------------+-----+
|Jacob.Jones@test.com|-26.5|
+--------------------+-----+

-------------------------------------------
Batch: 10
-------------------------------------------
+-----------------+-----+
|customer         |score|
+-----------------+-----+
|Jason.Wu@test.com|-32.5|
+-----------------+-----+

-------------------------------------------
Batch: 11
-------------------------------------------
+---------------------+-----+
|customer             |score|
+---------------------+-----+
|Bobby.Anandh@test.com|-3.5 |
+---------------------+-----+

-------------------------------------------
Batch: 12
-------------------------------------------
+----------------------+-----+
|customer              |score|
+----------------------+-----+
|Spencer.Clark@test.com|8.0  |
+----------------------+-----+

-------------------------------------------
Batch: 13
-------------------------------------------
+----------------------+-----+
|customer              |score|
+----------------------+-----+
|Edward.Howard@test.com|-10.0|
+----------------------+-----+

-------------------------------------------
Batch: 14
-------------------------------------------
+-------------------+-----+
|customer           |score|
+-------------------+-----+
|Lyn.Khatib@test.com|-36.5|
+-------------------+-----+

-------------------------------------------
Batch: 15
-------------------------------------------
+-------------------+-----+
|customer           |score|
+-------------------+-----+
|Jane.Mitra@test.com|-4.5 |
+-------------------+-----+

-------------------------------------------
Batch: 16
-------------------------------------------
+-------------------+-----+
|customer           |score|
+-------------------+-----+
|Jane.Abram@test.com|9.0  |
+-------------------+-----+

-------------------------------------------
Batch: 17
-------------------------------------------
+-------------------+-----+
|customer           |score|
+-------------------+-----+
|Chris.Huey@test.com|-17.5|
+-------------------+-----+

-------------------------------------------
Batch: 18
-------------------------------------------
+---------------------+-----+
|customer             |score|
+---------------------+-----+
|Jane.Staples@test.com|30.0 |
+---------------------+-----+

-------------------------------------------
Batch: 19
-------------------------------------------
+---------------------+-----+
|customer             |score|
+---------------------+-----+
|Edward.Ahmed@test.com|26.5 |
+---------------------+-----+

-------------------------------------------
Batch: 20
-------------------------------------------
+---------------------+-----+
|customer             |score|
+---------------------+-----+
|Sean.Clayton@test.com|-4.0 |
+---------------------+-----+

-------------------------------------------
Batch: 21
-------------------------------------------
+---------------------+-----+
|customer             |score|
+---------------------+-----+
|Eric.Spencer@test.com|2.0  |
+---------------------+-----+

-------------------------------------------
Batch: 22
-------------------------------------------
+--------------------+-----+
|customer            |score|
+--------------------+-----+
|Eric.Khatib@test.com|-31.5|
+--------------------+-----+

-------------------------------------------
Batch: 23
-------------------------------------------
+---------------------+-----+
|customer             |score|
+---------------------+-----+
|Frank.Anandh@test.com|21.0 |
+---------------------+-----+

-------------------------------------------
Batch: 24
-------------------------------------------
+---------------------+-----+
|customer             |score|
+---------------------+-----+
|Jason.Anandh@test.com|-2.0 |
+---------------------+-----+

-------------------------------------------
Batch: 25
-------------------------------------------
+----------------------------+-----+
|customer                    |score|
+----------------------------+-----+
|Christina.Aristotle@test.com|-0.5 |
+----------------------------+-----+

-------------------------------------------
Batch: 26
-------------------------------------------
+--------------------+-----+
|customer            |score|
+--------------------+-----+
|Frank.Doshi@test.com|-4.0 |
+--------------------+-----+

-------------------------------------------
Batch: 27
-------------------------------------------
+-------------------+-----+
|customer           |score|
+-------------------+-----+
|John.Mitra@test.com|-4.5 |
+-------------------+-----+

-------------------------------------------
Batch: 28
-------------------------------------------
+-----------------------+-----+
|customer               |score|
+-----------------------+-----+
|Jerry.Gonzalez@test.com|-0.5 |
+-----------------------+-----+

-------------------------------------------
Batch: 29
-------------------------------------------
+----------------------+-----+
|customer              |score|
+----------------------+-----+
|Trevor.Harris@test.com|-6.0 |
+----------------------+-----+

-------------------------------------------
Batch: 30
-------------------------------------------
+--------------------+-----+
|customer            |score|
+--------------------+-----+
|Suresh.Huey@test.com|-6.0 |
+--------------------+-----+

-------------------------------------------
Batch: 31
-------------------------------------------
+----------------------+-----+
|customer              |score|
+----------------------+-----+
|Ashley.Howard@test.com|-1.0 |
+----------------------+-----+

-------------------------------------------
Batch: 32
-------------------------------------------
+----------------------+-----+
|customer              |score|
+----------------------+-----+
|Dan.Fibonnaci@test.com|-2.0 |
+----------------------+-----+

-------------------------------------------
Batch: 33
-------------------------------------------
+-------------------------+-----+
|customer                 |score|
+-------------------------+-----+
|Neeraj.Aristotle@test.com|-2.0 |
+-------------------------+-----+

-------------------------------------------
Batch: 34
-------------------------------------------
+------------------------+-----+
|customer                |score|
+------------------------+-----+
|Jerry.Jefferson@test.com|-3.0 |
+------------------------+-----+

-------------------------------------------
Batch: 35
-------------------------------------------
+-----------------------+-----+
|customer               |score|
+-----------------------+-----+
|Jacob.Gonzalez@test.com|-4.5 |
+-----------------------+-----+

-------------------------------------------
Batch: 36
-------------------------------------------
+--------------------+-----+
|customer            |score|
+--------------------+-----+
|Jacob.Jones@test.com|-8.5 |
+--------------------+-----+

-------------------------------------------
Batch: 37
-------------------------------------------
+-----------------+-----+
|customer         |score|
+-----------------+-----+
|Jason.Wu@test.com|-27.5|
+-----------------+-----+

-------------------------------------------
Batch: 38
-------------------------------------------
+---------------------+-----+
|customer             |score|
+---------------------+-----+
|Bobby.Anandh@test.com|7.0  |
+---------------------+-----+

-------------------------------------------
Batch: 39
-------------------------------------------
+----------------------+-----+
|customer              |score|
+----------------------+-----+
|Spencer.Clark@test.com|12.5 |
+----------------------+-----+

-------------------------------------------
Batch: 40
-------------------------------------------
+----------------------+-----+
|customer              |score|
+----------------------+-----+
|Edward.Howard@test.com|8.0  |
+----------------------+-----+

-------------------------------------------
Batch: 41
-------------------------------------------
+-------------------+-----+
|customer           |score|
+-------------------+-----+
|Lyn.Khatib@test.com|-21.5|
+-------------------+-----+

-------------------------------------------
Batch: 42
-------------------------------------------
+-------------------+-----+
|customer           |score|
+-------------------+-----+
|Jane.Mitra@test.com|-18.0|
+-------------------+-----+

-------------------------------------------
Batch: 43
-------------------------------------------
+-------------------+-----+
|customer           |score|
+-------------------+-----+
|Jane.Abram@test.com|-24.5|
+-------------------+-----+

-------------------------------------------
Batch: 44
-------------------------------------------
+-------------------+-----+
|customer           |score|
+-------------------+-----+
|Chris.Huey@test.com|2.0  |
+-------------------+-----+

-------------------------------------------
Batch: 45
-------------------------------------------
+---------------------+-----+
|customer             |score|
+---------------------+-----+
|Jane.Staples@test.com|-5.5 |
+---------------------+-----+

-------------------------------------------
Batch: 46
-------------------------------------------
+---------------------+-----+
|customer             |score|
+---------------------+-----+
|Edward.Ahmed@test.com|4.5  |
+---------------------+-----+

-------------------------------------------
Batch: 47
-------------------------------------------
+---------------------+-----+
|customer             |score|
+---------------------+-----+
|Sean.Clayton@test.com|-1.5 |
+---------------------+-----+

-------------------------------------------
Batch: 48
-------------------------------------------
+---------------------+-----+
|customer             |score|
+---------------------+-----+
|Eric.Spencer@test.com|-26.5|
+---------------------+-----+

-------------------------------------------
Batch: 49
-------------------------------------------
+--------------------+-----+
|customer            |score|
+--------------------+-----+
|Eric.Khatib@test.com|-20.5|
+--------------------+-----+

-------------------------------------------
Batch: 50
-------------------------------------------
+---------------------+-----+
|customer             |score|
+---------------------+-----+
|Frank.Anandh@test.com|10.0 |
+---------------------+-----+

-------------------------------------------
Batch: 51
-------------------------------------------
+---------------------+-----+
|customer             |score|
+---------------------+-----+
|Jason.Anandh@test.com|-1.5 |
+---------------------+-----+

-------------------------------------------
Batch: 52
-------------------------------------------
+----------------------------+-----+
|customer                    |score|
+----------------------------+-----+
|Christina.Aristotle@test.com|-1.5 |
+----------------------------+-----+

-------------------------------------------
Batch: 53
-------------------------------------------
+--------------------+-----+
|customer            |score|
+--------------------+-----+
|Frank.Doshi@test.com|-3.0 |
+--------------------+-----+

-------------------------------------------
Batch: 54
-------------------------------------------
+-------------------+-----+
|customer           |score|
+-------------------+-----+
|John.Mitra@test.com|-2.0 |
+-------------------+-----+

-------------------------------------------
Batch: 55
-------------------------------------------
+-----------------------+-----+
|customer               |score|
+-----------------------+-----+
|Jerry.Gonzalez@test.com|-1.0 |
+-----------------------+-----+

-------------------------------------------
Batch: 56
-------------------------------------------
+----------------------+-----+
|customer              |score|
+----------------------+-----+
|Trevor.Harris@test.com|-4.5 |
+----------------------+-----+

-------------------------------------------
Batch: 57
-------------------------------------------
+--------------------+-----+
|customer            |score|
+--------------------+-----+
|Suresh.Huey@test.com|-6.0 |
+--------------------+-----+

-------------------------------------------
Batch: 58
-------------------------------------------
+----------------------+-----+
|customer              |score|
+----------------------+-----+
|Ashley.Howard@test.com|-0.5 |
+----------------------+-----+

-------------------------------------------
Batch: 59
-------------------------------------------
+----------------------+-----+
|customer              |score|
+----------------------+-----+
|Dan.Fibonnaci@test.com|-1.5 |
+----------------------+-----+

-------------------------------------------
Batch: 60
-------------------------------------------
+-------------------------+-----+
|customer                 |score|
+-------------------------+-----+
|Neeraj.Aristotle@test.com|-0.5 |
+-------------------------+-----+

-------------------------------------------
Batch: 61
-------------------------------------------
+------------------------+-----+
|customer                |score|
+------------------------+-----+
|Jerry.Jefferson@test.com|-3.5 |
+------------------------+-----+

-------------------------------------------
Batch: 62
-------------------------------------------
+-----------------------+-----+
|customer               |score|
+-----------------------+-----+
|Jacob.Gonzalez@test.com|18.5 |
+-----------------------+-----+

-------------------------------------------
Batch: 63
-------------------------------------------
+--------------------+-----+
|customer            |score|
+--------------------+-----+
|Jacob.Jones@test.com|-1.5 |
+--------------------+-----+

-------------------------------------------
Batch: 64
-------------------------------------------
+-----------------+-----+
|customer         |score|
+-----------------+-----+
|Jason.Wu@test.com|11.5 |
+-----------------+-----+

-------------------------------------------
Batch: 65
-------------------------------------------
+---------------------+-----+
|customer             |score|
+---------------------+-----+
|Bobby.Anandh@test.com|-8.5 |
+---------------------+-----+

-------------------------------------------
Batch: 66
-------------------------------------------
+----------------------+-----+
|customer              |score|
+----------------------+-----+
|Spencer.Clark@test.com|5.0  |
+----------------------+-----+

-------------------------------------------
Batch: 67
-------------------------------------------
+----------------------+-----+
|customer              |score|
+----------------------+-----+
|Edward.Howard@test.com|25.5 |
+----------------------+-----+

-------------------------------------------
Batch: 68
-------------------------------------------
+-------------------+-----+
|customer           |score|
+-------------------+-----+
|Lyn.Khatib@test.com|2.0  |
+-------------------+-----+

-------------------------------------------
Batch: 69
-------------------------------------------
+-------------------+-----+
|customer           |score|
+-------------------+-----+
|Jane.Mitra@test.com|3.5  |
+-------------------+-----+

-------------------------------------------
Batch: 70
-------------------------------------------
+-------------------+-----+
|customer           |score|
+-------------------+-----+
|Jane.Abram@test.com|0.0  |
+-------------------+-----+

-------------------------------------------
Batch: 71
-------------------------------------------
+-------------------+-----+
|customer           |score|
+-------------------+-----+
|Chris.Huey@test.com|18.0 |
+-------------------+-----+

-------------------------------------------
Batch: 72
-------------------------------------------
+---------------------+-----+
|customer             |score|
+---------------------+-----+
|Jane.Staples@test.com|-39.5|
+---------------------+-----+

-------------------------------------------
Batch: 73
-------------------------------------------
+---------------------+-----+
|customer             |score|
+---------------------+-----+
|Edward.Ahmed@test.com|-37.0|
+---------------------+-----+

-------------------------------------------
Batch: 74
-------------------------------------------
+---------------------+-----+
|customer             |score|
+---------------------+-----+
|Sean.Clayton@test.com|-1.5 |
+---------------------+-----+

-------------------------------------------
Batch: 75
-------------------------------------------
+---------------------+-----+
|customer             |score|
+---------------------+-----+
|Eric.Spencer@test.com|-12.0|
+---------------------+-----+

-------------------------------------------
Batch: 76
-------------------------------------------
+--------------------+-----+
|customer            |score|
+--------------------+-----+
|Eric.Khatib@test.com|30.5 |
+--------------------+-----+

-------------------------------------------
Batch: 77
-------------------------------------------
+---------------------+-----+
|customer             |score|
+---------------------+-----+
|Frank.Anandh@test.com|-27.0|
+---------------------+-----+

-------------------------------------------
Batch: 78
-------------------------------------------
+---------------------+-----+
|customer             |score|
+---------------------+-----+
|Jason.Anandh@test.com|-2.5 |
+---------------------+-----+

-------------------------------------------
Batch: 79
-------------------------------------------
+----------------------------+-----+
|customer                    |score|
+----------------------------+-----+
|Christina.Aristotle@test.com|-4.5 |
+----------------------------+-----+

-------------------------------------------
Batch: 80
-------------------------------------------
+--------------------+-----+
|customer            |score|
+--------------------+-----+
|Frank.Doshi@test.com|-3.0 |
+--------------------+-----+

-------------------------------------------
Batch: 81
-------------------------------------------
+-------------------+-----+
|customer           |score|
+-------------------+-----+
|John.Mitra@test.com|-2.0 |
+-------------------+-----+

-------------------------------------------
Batch: 82
-------------------------------------------
+-----------------------+-----+
|customer               |score|
+-----------------------+-----+
|Jerry.Gonzalez@test.com|-3.5 |
+-----------------------+-----+

-------------------------------------------
Batch: 83
-------------------------------------------
+----------------------+-----+
|customer              |score|
+----------------------+-----+
|Trevor.Harris@test.com|-2.0 |
+----------------------+-----+

-------------------------------------------
Batch: 84
-------------------------------------------
+--------------------+-----+
|customer            |score|
+--------------------+-----+
|Suresh.Huey@test.com|-5.0 |
+--------------------+-----+

-------------------------------------------
Batch: 85
-------------------------------------------
+----------------------+-----+
|customer              |score|
+----------------------+-----+
|Ashley.Howard@test.com|0.0  |
+----------------------+-----+

-------------------------------------------
Batch: 86
-------------------------------------------
+----------------------+-----+
|customer              |score|
+----------------------+-----+
|Dan.Fibonnaci@test.com|-2.5 |
+----------------------+-----+

-------------------------------------------
Batch: 87
-------------------------------------------
+-------------------------+-----+
|customer                 |score|
+-------------------------+-----+
|Neeraj.Aristotle@test.com|-1.0 |
+-------------------------+-----+

-------------------------------------------
Batch: 88
-------------------------------------------
+------------------------+-----+
|customer                |score|
+------------------------+-----+
|Jerry.Jefferson@test.com|-4.5 |
+------------------------+-----+

-------------------------------------------
Batch: 89
-------------------------------------------
+-----------------------+-----+
|customer               |score|
+-----------------------+-----+
|Jacob.Gonzalez@test.com|15.5 |
+-----------------------+-----+

-------------------------------------------
Batch: 90
-------------------------------------------
+--------------------+-----+
|customer            |score|
+--------------------+-----+
|Jacob.Jones@test.com|9.5  |
+--------------------+-----+

-------------------------------------------
Batch: 91
-------------------------------------------
+-----------------+-----+
|customer         |score|
+-----------------+-----+
|Jason.Wu@test.com|8.0  |
+-----------------+-----+

-------------------------------------------
Batch: 92
-------------------------------------------
+---------------------+-----+
|customer             |score|
+---------------------+-----+
|Bobby.Anandh@test.com|9.0  |
+---------------------+-----+

-------------------------------------------
Batch: 93
-------------------------------------------
+----------------------+-----+
|customer              |score|
+----------------------+-----+
|Spencer.Clark@test.com|3.5  |
+----------------------+-----+

-------------------------------------------
Batch: 94
-------------------------------------------
+----------------------+-----+
|customer              |score|
+----------------------+-----+
|Edward.Howard@test.com|-13.0|
+----------------------+-----+

-------------------------------------------
Batch: 95
-------------------------------------------
+-------------------+-----+
|customer           |score|
+-------------------+-----+
|Lyn.Khatib@test.com|13.5 |
+-------------------+-----+

-------------------------------------------
Batch: 96
-------------------------------------------
+-------------------+-----+
|customer           |score|
+-------------------+-----+
|Jane.Mitra@test.com|31.5 |
+-------------------+-----+

-------------------------------------------
Batch: 97
-------------------------------------------
+-------------------+-----+
|customer           |score|
+-------------------+-----+
|Jane.Abram@test.com|6.0  |
+-------------------+-----+

-------------------------------------------
Batch: 98
-------------------------------------------
+-------------------+-----+
|customer           |score|
+-------------------+-----+
|Chris.Huey@test.com|7.0  |
+-------------------+-----+

-------------------------------------------
Batch: 99
-------------------------------------------
+---------------------+-----+
|customer             |score|
+---------------------+-----+
|Jane.Staples@test.com|-13.0|
+---------------------+-----+

-------------------------------------------
Batch: 100
-------------------------------------------
+---------------------+-----+
|customer             |score|
+---------------------+-----+
|Edward.Ahmed@test.com|-17.5|
+---------------------+-----+

-------------------------------------------
Batch: 101
-------------------------------------------
+---------------------+-----+
|customer             |score|
+---------------------+-----+
|Sean.Clayton@test.com|-2.0 |
+---------------------+-----+

-------------------------------------------
Batch: 102
-------------------------------------------
+---------------------+-----+
|customer             |score|
+---------------------+-----+
|Eric.Spencer@test.com|22.5 |
+---------------------+-----+

-------------------------------------------
Batch: 103
-------------------------------------------
+--------------------+-----+
|customer            |score|
+--------------------+-----+
|Eric.Khatib@test.com|36.0 |
+--------------------+-----+

-------------------------------------------
Batch: 104
-------------------------------------------
+---------------------+-----+
|customer             |score|
+---------------------+-----+
|Frank.Anandh@test.com|-24.0|
+---------------------+-----+

-------------------------------------------
Batch: 105
-------------------------------------------
+---------------------+-----+
|customer             |score|
+---------------------+-----+
|Jason.Anandh@test.com|-3.5 |
+---------------------+-----+

-------------------------------------------
Batch: 106
-------------------------------------------
+----------------------------+-----+
|customer                    |score|
+----------------------------+-----+
|Christina.Aristotle@test.com|-5.5 |
+----------------------------+-----+

-------------------------------------------
Batch: 107
-------------------------------------------
+--------------------+-----+
|customer            |score|
+--------------------+-----+
|Frank.Doshi@test.com|-3.5 |
+--------------------+-----+

-------------------------------------------
Batch: 108
-------------------------------------------
+-------------------+-----+
|customer           |score|
+-------------------+-----+
|John.Mitra@test.com|-4.0 |
+-------------------+-----+

-------------------------------------------
Batch: 109
-------------------------------------------
+-----------------------+-----+
|customer               |score|
+-----------------------+-----+
|Jerry.Gonzalez@test.com|-5.0 |
+-----------------------+-----+

-------------------------------------------
Batch: 110
-------------------------------------------
+----------------------+-----+
|customer              |score|
+----------------------+-----+
|Trevor.Harris@test.com|-1.0 |
+----------------------+-----+

-------------------------------------------
Batch: 111
-------------------------------------------
+--------------------+-----+
|customer            |score|
+--------------------+-----+
|Suresh.Huey@test.com|-4.0 |
+--------------------+-----+

-------------------------------------------
Batch: 112
-------------------------------------------
+----------------------+-----+
|customer              |score|
+----------------------+-----+
|Ashley.Howard@test.com|0.0  |
+----------------------+-----+

-------------------------------------------
Batch: 113
-------------------------------------------
+----------------------+-----+
|customer              |score|
+----------------------+-----+
|Dan.Fibonnaci@test.com|-4.0 |
+----------------------+-----+

-------------------------------------------
Batch: 114
-------------------------------------------
+-------------------------+-----+
|customer                 |score|
+-------------------------+-----+
|Neeraj.Aristotle@test.com|-2.5 |
+-------------------------+-----+

-------------------------------------------
Batch: 115
-------------------------------------------
+------------------------+-----+
|customer                |score|
+------------------------+-----+
|Jerry.Jefferson@test.com|-4.5 |
+------------------------+-----+

-------------------------------------------
Batch: 116
-------------------------------------------
+-----------------------+-----+
|customer               |score|
+-----------------------+-----+
|Jacob.Gonzalez@test.com|-18.5|
+-----------------------+-----+

-------------------------------------------
Batch: 117
-------------------------------------------
+--------------------+-----+
|customer            |score|
+--------------------+-----+
|Jacob.Jones@test.com|-5.0 |
+--------------------+-----+

-------------------------------------------
Batch: 118
-------------------------------------------
+-----------------+-----+
|customer         |score|
+-----------------+-----+
|Jason.Wu@test.com|2.5  |
+-----------------+-----+

-------------------------------------------
Batch: 119
-------------------------------------------
+---------------------+-----+
|customer             |score|
+---------------------+-----+
|Bobby.Anandh@test.com|12.5 |
+---------------------+-----+

-------------------------------------------
Batch: 120
-------------------------------------------
+----------------------+-----+
|customer              |score|
+----------------------+-----+
|Spencer.Clark@test.com|48.5 |
+----------------------+-----+

-------------------------------------------
Batch: 121
-------------------------------------------
+----------------------+-----+
|customer              |score|
+----------------------+-----+
|Edward.Howard@test.com|-15.0|
+----------------------+-----+

-------------------------------------------
Batch: 122
-------------------------------------------
+-------------------+-----+
|customer           |score|
+-------------------+-----+
|Lyn.Khatib@test.com|29.5 |
+-------------------+-----+

-------------------------------------------
Batch: 123
-------------------------------------------
+-------------------+-----+
|customer           |score|
+-------------------+-----+
|Jane.Mitra@test.com|-5.5 |
+-------------------+-----+

-------------------------------------------
Batch: 124
-------------------------------------------
+-------------------+-----+
|customer           |score|
+-------------------+-----+
|Jane.Abram@test.com|-16.5|
+-------------------+-----+

-------------------------------------------
Batch: 125
-------------------------------------------
+-------------------+-----+
|customer           |score|
+-------------------+-----+
|Chris.Huey@test.com|-1.5 |
+-------------------+-----+

-------------------------------------------
Batch: 126
-------------------------------------------
+---------------------+-----+
|customer             |score|
+---------------------+-----+
|Jane.Staples@test.com|17.0 |
+---------------------+-----+

-------------------------------------------
Batch: 127
-------------------------------------------
+---------------------+-----+
|customer             |score|
+---------------------+-----+
|Edward.Ahmed@test.com|-4.0 |
+---------------------+-----+

-------------------------------------------
Batch: 128
-------------------------------------------
+---------------------+-----+
|customer             |score|
+---------------------+-----+
|Sean.Clayton@test.com|-20.5|
+---------------------+-----+

-------------------------------------------
Batch: 129
-------------------------------------------
+---------------------+-----+
|customer             |score|
+---------------------+-----+
|Eric.Spencer@test.com|7.5  |
+---------------------+-----+

-------------------------------------------
Batch: 130
-------------------------------------------
+--------------------+-----+
|customer            |score|
+--------------------+-----+
|Eric.Khatib@test.com|-14.0|
+--------------------+-----+

-------------------------------------------
Batch: 131
-------------------------------------------
+---------------------+-----+
|customer             |score|
+---------------------+-----+
|Frank.Anandh@test.com|14.0 |
+---------------------+-----+

-------------------------------------------
Batch: 132
-------------------------------------------
+---------------------+-----+
|customer             |score|
+---------------------+-----+
|Jason.Anandh@test.com|-4.5 |
+---------------------+-----+

-------------------------------------------
Batch: 133
-------------------------------------------
+----------------------------+-----+
|customer                    |score|
+----------------------------+-----+
|Christina.Aristotle@test.com|-3.5 |
+----------------------------+-----+

-------------------------------------------
Batch: 134
-------------------------------------------
+--------------------+-----+
|customer            |score|
+--------------------+-----+
|Frank.Doshi@test.com|-4.5 |
+--------------------+-----+

-------------------------------------------
Batch: 135
-------------------------------------------
+-------------------+-----+
|customer           |score|
+-------------------+-----+
|John.Mitra@test.com|-4.5 |
+-------------------+-----+

-------------------------------------------
Batch: 136
-------------------------------------------
+-----------------------+-----+
|customer               |score|
+-----------------------+-----+
|Jerry.Gonzalez@test.com|-4.5 |
+-----------------------+-----+

-------------------------------------------
Batch: 137
-------------------------------------------
+----------------------+-----+
|customer              |score|
+----------------------+-----+
|Trevor.Harris@test.com|-1.5 |
+----------------------+-----+

-------------------------------------------
Batch: 138
-------------------------------------------
+--------------------+-----+
|customer            |score|
+--------------------+-----+
|Suresh.Huey@test.com|-5.0 |
+--------------------+-----+

-------------------------------------------
Batch: 139
-------------------------------------------
+----------------------+-----+
|customer              |score|
+----------------------+-----+
|Ashley.Howard@test.com|-1.0 |
+----------------------+-----+

-------------------------------------------
Batch: 140
-------------------------------------------
+----------------------+-----+
|customer              |score|
+----------------------+-----+
|Dan.Fibonnaci@test.com|-2.5 |
+----------------------+-----+

-------------------------------------------
Batch: 141
-------------------------------------------
+-------------------------+-----+
|customer                 |score|
+-------------------------+-----+
|Neeraj.Aristotle@test.com|-2.5 |
+-------------------------+-----+

-------------------------------------------
Batch: 142
-------------------------------------------
+------------------------+-----+
|customer                |score|
+------------------------+-----+
|Jerry.Jefferson@test.com|-4.0 |
+------------------------+-----+

-------------------------------------------
Batch: 143
-------------------------------------------
+-----------------------+-----+
|customer               |score|
+-----------------------+-----+
|Jacob.Gonzalez@test.com|-16.5|
+-----------------------+-----+

-------------------------------------------
Batch: 144
-------------------------------------------
+--------------------+-----+
|customer            |score|
+--------------------+-----+
|Jacob.Jones@test.com|4.0  |
+--------------------+-----+

-------------------------------------------
Batch: 145
-------------------------------------------
+-----------------+-----+
|customer         |score|
+-----------------+-----+
|Jason.Wu@test.com|18.0 |
+-----------------+-----+

-------------------------------------------
Batch: 146
-------------------------------------------
+---------------------+-----+
|customer             |score|
+---------------------+-----+
|Bobby.Anandh@test.com|-16.5|
+---------------------+-----+

-------------------------------------------
Batch: 147
-------------------------------------------
+----------------------+-----+
|customer              |score|
+----------------------+-----+
|Spencer.Clark@test.com|26.0 |
+----------------------+-----+

-------------------------------------------
Batch: 148
-------------------------------------------
+----------------------+-----+
|customer              |score|
+----------------------+-----+
|Edward.Howard@test.com|2.0  |
+----------------------+-----+

-------------------------------------------
Batch: 149
-------------------------------------------
+-------------------+-----+
|customer           |score|
+-------------------+-----+
|Lyn.Khatib@test.com|-3.5 |
+-------------------+-----+

-------------------------------------------
Batch: 150
-------------------------------------------
+-------------------+-----+
|customer           |score|
+-------------------+-----+
|Jane.Mitra@test.com|-11.0|
+-------------------+-----+

-------------------------------------------
Batch: 151
-------------------------------------------
+-------------------+-----+
|customer           |score|
+-------------------+-----+
|Jane.Abram@test.com|-5.5 |
+-------------------+-----+

-------------------------------------------
Batch: 152
-------------------------------------------
+-------------------+-----+
|customer           |score|
+-------------------+-----+
|Chris.Huey@test.com|-3.5 |
+-------------------+-----+

-------------------------------------------
Batch: 153
-------------------------------------------
+---------------------+-----+
|customer             |score|
+---------------------+-----+
|Jane.Staples@test.com|14.0 |
+---------------------+-----+

-------------------------------------------
Batch: 154
-------------------------------------------
+---------------------+-----+
|customer             |score|
+---------------------+-----+
|Edward.Ahmed@test.com|-2.5 |
+---------------------+-----+

-------------------------------------------
Batch: 155
-------------------------------------------
+---------------------+-----+
|customer             |score|
+---------------------+-----+
|Sean.Clayton@test.com|-12.0|
+---------------------+-----+

-------------------------------------------
Batch: 156
-------------------------------------------
+---------------------+-----+
|customer             |score|
+---------------------+-----+
|Eric.Spencer@test.com|46.5 |
+---------------------+-----+

-------------------------------------------
Batch: 157
-------------------------------------------
+--------------------+-----+
|customer            |score|
+--------------------+-----+
|Eric.Khatib@test.com|-35.0|
+--------------------+-----+

-------------------------------------------
Batch: 158
-------------------------------------------
+---------------------+-----+
|customer             |score|
+---------------------+-----+
|Frank.Anandh@test.com|11.5 |
+---------------------+-----+

-------------------------------------------
Batch: 159
-------------------------------------------
+---------------------+-----+
|customer             |score|
+---------------------+-----+
|Jason.Anandh@test.com|-5.5 |
+---------------------+-----+

-------------------------------------------
Batch: 160
-------------------------------------------
+----------------------------+-----+
|customer                    |score|
+----------------------------+-----+
|Christina.Aristotle@test.com|-1.0 |
+----------------------------+-----+

-------------------------------------------
Batch: 161
-------------------------------------------
+--------------------+-----+
|customer            |score|
+--------------------+-----+
|Frank.Doshi@test.com|-5.0 |
+--------------------+-----+

-------------------------------------------
Batch: 162
-------------------------------------------
